make all --print-data-base --no-builtin-variables --no-builtin-rules --question
# GNU Make 4.3
# Built for x86_64-pc-linux-gnu
# Copyright (C) 1988-2020 Free Software Foundation, Inc.
# License GPLv3+: GNU GPL version 3 or later <http://gnu.org/licenses/gpl.html>
# This is free software: you are free to change and redistribute it.
# There is NO WARRANTY, to the extent permitted by law.

# Make data base, printed on Mon Jul 11 18:31:41 2022

# Variables

# makefile (from 'Makefile', line 19)
OBJ = $(SRC:$(SRCDIR)/%$(EXT)=$(OBJDIR)/%.o)
# environment
GDK_BACKEND = x11
# environment
LC_ALL = C
# makefile (from 'Makefile', line 18)
SRC = $(wildcard $(SRCDIR)/*$(EXT)) $(wildcard $(SRCDIR)*/*/*$(EXT))
# environment
GNOME_SHELL_SESSION_MODE = ubuntu
# environment
SSH_AGENT_LAUNCHER = gnome-keyring
# makefile (from 'Makefile', line 12)
EXT = .cpp
# makefile (from 'Makefile', line 27)
WDELOBJ = $(SRC:$(SRCDIR)/%$(EXT)=$(OBJDIR)\\%.o)
# makefile (from 'Makefile', line 14)
OBJDIR = obj
# environment
SNAP_INSTANCE_KEY = 
# environment
GJS_DEBUG_OUTPUT = stderr
# environment
LC_NAME = pt_BR.UTF-8
# environment
LC_NUMERIC = pt_BR.UTF-8
# environment
VSCODE_CWD = /home/emc
# makefile (from 'Makefile', line 23)
DELOBJ = $(OBJ)
# environment
WINDOWPATH = 2
# environment
LC_ADDRESS = pt_BR.UTF-8
# default
MAKE_COMMAND := make
# environment
QT_ACCESSIBILITY = 1
# automatic
@D = $(patsubst %/,%,$(dir $@))
# environment
SNAP_INSTANCE_NAME = code
# environment
GDK_PIXBUF_MODULEDIR = /snap/code/100/usr/lib/x86_64-linux-gnu/gdk-pixbuf-2.0/2.10.0/loaders
# environment
VSCODE_HANDLES_UNCAUGHT_ERRORS = true
# default
.VARIABLES := 
# environment
PWD = /home/emc/Projects/Roguelike
# automatic
%D = $(patsubst %/,%,$(dir $%))
# environment
XDG_DATA_DIRS = /usr/share/ubuntu:/usr/share/gnome:/usr/local/share/:/usr/share/:/var/lib/snapd/desktop
# automatic
^D = $(patsubst %/,%,$(dir $^))
# automatic
%F = $(notdir $%)
# environment
VSCODE_CODE_CACHE_PATH = /home/emc/.config/Code/CachedData/92d25e35d9bf1a6b16f7d0758f25d48ace11e5b9
# environment
LANG = C
# environment
XAUTHORITY = /run/user/1000/gdm/Xauthority
# default
.LOADED := 
# default
.INCLUDE_DIRS = /usr/local/include /usr/include /usr/include
# makefile
MAKEFLAGS = pqrR
# makefile (from 'Makefile', line 20)
DEP = $(OBJ:$(OBJDIR)/%.o=$(DEPDIR)/%.d)
# makefile
CURDIR := /home/emc/Projects/Roguelike
# environment
APPLICATION_INSIGHTS_NO_DIAGNOSTIC_CHANNEL = true
# environment
LESSOPEN = | /usr/bin/lesspipe %s
# automatic
*D = $(patsubst %/,%,$(dir $*))
# environment
MFLAGS = -pqrR
# environment
SSH_AUTH_SOCK = /run/user/1000/keyring/ssh
# default
.SHELLFLAGS := -c
# environment
XDG_CONFIG_DIRS = /etc/xdg/xdg-ubuntu:/etc/xdg
# automatic
+D = $(patsubst %/,%,$(dir $+))
# environment
XDG_SESSION_DESKTOP = ubuntu
# makefile (from 'dep/entities/tile.d', line 1)
MAKEFILE_LIST := Makefile dep/colors.d dep/game.d dep/main.d dep/map.d dep/draw/tile_manager.d dep/entities/entity.d dep/entities/tile.d
# environment
SNAP_REEXEC = 
# automatic
@F = $(notdir $@)
# environment
VSCODE_PID = 11882
# environment
XDG_SESSION_TYPE = x11
# makefile (from 'Makefile', line 11)
APPNAME = roguelike
# automatic
?D = $(patsubst %/,%,$(dir $?))
# environment
BAMF_DESKTOP_FILE_HINT = /var/lib/snapd/desktop/applications/code_code.desktop
# environment
SESSION_MANAGER = local/Aristotle:@/tmp/.ICE-unix/1593,unix/Aristotle:/tmp/.ICE-unix/1593
# automatic
*F = $(notdir $*)
# environment
CHROME_DESKTOP = code-url-handler.desktop
# environment
DBUS_SESSION_BUS_ADDRESS = unix:path=/run/user/1000/bus
# automatic
<D = $(patsubst %/,%,$(dir $<))
# environment
VSCODE_NLS_CONFIG = {"locale":"en-us","availableLanguages":{},"_languagePackSupport":true}
# default
MAKE_HOST := x86_64-pc-linux-gnu
# environment
GNOME_DESKTOP_SESSION_ID = this-is-deprecated
# makefile
SHELL = /bin/sh
# default
MAKECMDGOALS := all
# environment
XMODIFIERS = @im=ibus
# environment
GJS_DEBUG_TOPICS = JS ERROR;JS LOG
# environment
SHLVL = 0
# environment
MAKELEVEL := 0
# default
MAKE = $(MAKE_COMMAND)
# environment
SNAP_COOKIE = WiUtiVGNuFy_7yqcrrWfYUhvj4GFWIac5GIYmwaXPQg_Uw4J0Ma8
# environment
PATH = /home/emc/.local/bin:/home/emc/.local/bin:/home/emc/.local/bin:/home/emc/.local/bin:/usr/local/sbin:/usr/local/bin:/usr/sbin:/usr/bin:/sbin:/bin:/usr/games:/usr/local/games:/snap/bin:/snap/bin
# default
MAKEFILES := 
# environment
LC_MONETARY = pt_BR.UTF-8
# automatic
^F = $(notdir $^)
# environment
SNAP_USER_COMMON = /home/emc/snap/code/common
# environment
LC_TIME = pt_BR.UTF-8
# environment
SNAP = /snap/code/100
# environment
INVOCATION_ID = b6915b97ba4846099885bbdcb7fe4c69
# environment
SNAP_REVISION = 100
# environment
SNAP_REAL_HOME = /home/emc
# environment
USERNAME = emc
# environment
LC_TELEPHONE = pt_BR.UTF-8
# environment
LESSCLOSE = /usr/bin/lesspipe %s %s
# automatic
?F = $(notdir $?)
# environment
XDG_CURRENT_DESKTOP = Unity
# environment
LS_COLORS = 
# automatic
+F = $(notdir $+)
# environment
DESKTOP_SESSION = ubuntu
# environment
ORIGINAL_XDG_CURRENT_DESKTOP = ubuntu:GNOME
# 'override' directive
GNUMAKEFLAGS := 
# environment
LOGNAME = emc
# environment
GIO_LAUNCHED_DESKTOP_FILE = /var/lib/snapd/desktop/applications/code_code.desktop
# makefile (from 'Makefile', line 26)
EXE = .exe
# environment
SNAP_ARCH = amd64
# makefile
.DEFAULT_GOAL := all
# environment
SYSTEMD_EXEC_PID = 1636
# makefile (from 'Makefile', line 22)
RM = rm
# environment
DISPLAY = :0
# environment
USER = emc
# environment
GTK_MODULES = gail:atk-bridge
# default
MAKE_VERSION := 4.3
# environment
DISABLE_WAYLAND = 1
# environment
SNAP_DATA = /var/snap/code/100
# environment
SNAP_CONTEXT = WiUtiVGNuFy_7yqcrrWfYUhvj4GFWIac5GIYmwaXPQg_Uw4J0Ma8
# makefile (from 'Makefile', line 8)
LDFLAGS = -lSDL2 -lSDL2_image
# environment
MANAGERPID = 1197
# makefile (from 'Makefile', line 25)
DEL = del
# environment
LC_MEASUREMENT = pt_BR.UTF-8
# environment
GIO_LAUNCHED_DESKTOP_FILE_PID = 11823
# environment
_ = /snap/code/100/usr/share/code/code
# environment
LC_PAPER = pt_BR.UTF-8
# environment
XDG_RUNTIME_DIR = /run/user/1000
# environment
GPG_AGENT_INFO = /run/user/1000/gnupg/S.gpg-agent:0:1
# environment
GDK_PIXBUF_MODULE_FILE = /home/emc/snap/code/common/.cache/gdk-pixbuf-loaders.cache
# environment
LC_CTYPE = pt_BR.UTF-8
# environment
JOURNAL_STREAM = 8:31031
# environment
XDG_SESSION_CLASS = user
# environment
VSCODE_AMD_ENTRYPOINT = vs/workbench/api/node/extensionHostProcess
# environment
HOME = /home/emc
# environment
QT_IM_MODULE = ibus
# environment
ELECTRON_RUN_AS_NODE = 1
# environment
VSCODE_IPC_HOOK = /run/user/1000/vscode-c270b998-1.69.0-main.sock
# environment
SNAP_NAME = code
# environment
GSETTINGS_SCHEMA_DIR = /snap/code/100/usr/share/glib-2.0/schemas
# makefile (from 'Makefile', line 13)
SRCDIR = src
# default
.RECIPEPREFIX := 
# automatic
<F = $(notdir $<)
# environment
SNAP_VERSION = 92d25e35
# makefile (from 'Makefile', line 15)
DEPDIR = dep
# default
SUFFIXES := 
# environment
VSCODE_CLI = 1
# environment
ELECTRON_NO_ATTACH_CONSOLE = 1
# environment
SNAP_COMMON = /var/snap/code/common
# makefile (from 'Makefile', line 7)
 
CXXFLAGS = -std=c++11 -Wall -g
# default
.FEATURES := target-specific order-only second-expansion else-if shortest-stem undefine oneshell nocomment grouped-target extra-prereqs archives jobserver output-sync check-symlink load
# makefile (from 'Makefile', line 6)
CC = g++
# environment
SNAP_USER_DATA = /home/emc/snap/code/100
# environment
XDG_MENU_PREFIX = gnome-
# environment
GDMSESSION = ubuntu
# environment
LC_IDENTIFICATION = pt_BR.UTF-8
# environment
SNAP_LIBRARY_PATH = /var/lib/snapd/lib/gl:/var/lib/snapd/lib/gl32:/var/lib/snapd/void
# variable set hash-table stats:
# Load=141/1024=14%, Rehash=0, Collisions=8/220=4%

# Pattern-specific Variable Values

# No pattern-specific variable values.

# Directories

# src/draw (device 2050, inode 11667072): 4 files, no impossibilities.
# src (device 2050, inode 11665445): 11 files, no impossibilities.
# src/entities (device 2050, inode 11667096): 8 files, no impossibilities.
# . (device 2050, inode 11404231): 8 files, no impossibilities.

# 31 files, no impossibilities in 4 directories.

# Implicit Rules

dep/%.d: src/%.cpp
#  recipe to execute (from 'Makefile', line 41):
	@$(CPP) $(CFLAGS) $< -MM -MT $(@:%.d=$(OBJDIR)/%.o) >$@

obj/%.o: src/%.cpp
#  recipe to execute (from 'Makefile', line 48):
	$(CC) $(CXXFLAGS) -o $@ -c $<

# 2 implicit rules, 0 (0.0%) terminal.
# Files

# Not a target:
src/draw/tile_manager.hpp:
#  Implicit rule search has not been done.
#  Modification time never checked.
#  File has not been updated.

obj/map.o: src/map.cpp
#  Implicit rule search has been done.
#  Implicit/static pattern stem: 'map'
#  Last modified 2022-07-11 18:24:46.287177896
#  File has been updated.
#  Successfully updated.
#  recipe to execute (from 'Makefile', line 48):
	$(CC) $(CXXFLAGS) -o $@ -c $<

obj/entities/entity.o: src/entities/entity.cpp
#  Implicit rule search has been done.
#  Implicit/static pattern stem: 'entities/entity'
#  Last modified 2022-07-10 17:37:44.531233989
#  File has been updated.
#  Successfully updated.
#  recipe to execute (from 'Makefile', line 48):
	$(CC) $(CXXFLAGS) -o $@ -c $<

cleandepw:
#  Phony target (prerequisite of .PHONY).
#  Implicit rule search has not been done.
#  File does not exist.
#  File has not been updated.
#  recipe to execute (from 'Makefile', line 70):
	$(DEL) $(DEP)

# Not a target:
src/entities/entity.hpp:
#  Implicit rule search has not been done.
#  Modification time never checked.
#  File has not been updated.

obj/main.o: src/main.cpp
#  Implicit rule search has been done.
#  Implicit/static pattern stem: 'main'
#  Last modified 2022-07-10 17:56:54.522922823
#  File has been updated.
#  Successfully updated.
#  recipe to execute (from 'Makefile', line 48):
	$(CC) $(CXXFLAGS) -o $@ -c $<

obj/entities/tile.o: src/entities/tile.cpp
#  Implicit rule search has been done.
#  Implicit/static pattern stem: 'entities/tile'
#  Last modified 2022-07-10 22:00:38.220780992
#  File has been updated.
#  Successfully updated.
#  recipe to execute (from 'Makefile', line 48):
	$(CC) $(CXXFLAGS) -o $@ -c $<

cleandep:
#  Phony target (prerequisite of .PHONY).
#  Implicit rule search has not been done.
#  File does not exist.
#  File has not been updated.
#  recipe to execute (from 'Makefile', line 59):
	$(RM) $(DEP)

# Not a target:
Makefile:
#  Implicit rule search has been done.
#  Last modified 2022-07-10 12:20:20.076354067
#  File has been updated.
#  Successfully updated.

obj/dep/map.o: src/map.cpp src/map.hpp src/game.hpp src/draw/tile_manager.hpp src/draw/../game.hpp src/draw/../colors.hpp src/entities/tile.hpp src/entities/entity.hpp src/entities/../colors.hpp
#  Implicit rule search has not been done.
#  Modification time never checked.
#  File has not been updated.

# Not a target:
src/main.cpp:
#  Implicit rule search has been done.
#  Last modified 2022-07-10 17:56:52.366951492
#  File has been updated.
#  Successfully updated.

obj/dep/entities/entity.o: src/entities/entity.cpp src/entities/entity.hpp src/entities/../colors.hpp
#  Implicit rule search has not been done.
#  Modification time never checked.
#  File has not been updated.

clean:
#  Phony target (prerequisite of .PHONY).
#  Implicit rule search has not been done.
#  File does not exist.
#  File has not been updated.
#  recipe to execute (from 'Makefile', line 54):
	$(RM) $(DELOBJ) $(DEP) $(APPNAME)

# Not a target:
src/entities/tile.hpp:
#  Implicit rule search has not been done.
#  Modification time never checked.
#  File has not been updated.

obj/draw/tile_manager.o: src/draw/tile_manager.cpp
#  Implicit rule search has been done.
#  Implicit/static pattern stem: 'draw/tile_manager'
#  Last modified 2022-07-10 21:58:52.865981532
#  File has been updated.
#  Successfully updated.
#  recipe to execute (from 'Makefile', line 48):
	$(CC) $(CXXFLAGS) -o $@ -c $<

# Not a target:
src/map.hpp:
#  Implicit rule search has not been done.
#  Modification time never checked.
#  File has not been updated.

dep/entities/tile.d: src/entities/tile.cpp
#  Implicit rule search has been done.
#  Implicit/static pattern stem: 'entities/tile'
#  Last modified 2022-07-11 18:31:41.453784336
#  File has been updated.
#  Successfully updated.
#  recipe to execute (from 'Makefile', line 41):
	@$(CPP) $(CFLAGS) $< -MM -MT $(@:%.d=$(OBJDIR)/%.o) >$@

roguelike: obj/colors.o obj/game.o obj/main.o obj/map.o obj/draw/tile_manager.o obj/entities/entity.o obj/entities/tile.o
#  Implicit rule search has not been done.
#  Implicit/static pattern stem: ''
#  File does not exist.
#  File has been updated.
#  Needs to be updated (-q is set).
# automatic
# @ := roguelike
# automatic
# * := 
# automatic
# < := obj/colors.o
# automatic
# + := obj/colors.o obj/game.o obj/main.o obj/map.o obj/draw/tile_manager.o obj/entities/entity.o obj/entities/tile.o
# automatic
# % := 
# automatic
# ^ := obj/colors.o obj/game.o obj/main.o obj/map.o obj/draw/tile_manager.o obj/entities/entity.o obj/entities/tile.o
# automatic
# ? := obj/colors.o obj/game.o obj/main.o obj/map.o obj/draw/tile_manager.o obj/entities/entity.o obj/entities/tile.o
# automatic
# | := 
# variable set hash-table stats:
# Load=8/32=25%, Rehash=0, Collisions=2/16=12%
#  recipe to execute (from 'Makefile', line 37):
	$(CC) $(CXXFLAGS) -o $@ $^ $(LDFLAGS)

# Not a target:
src/entities/entity.cpp:
#  Implicit rule search has been done.
#  Last modified 2022-07-10 17:37:43.179246362
#  File has been updated.
#  Successfully updated.

dep/main.d: src/main.cpp
#  Implicit rule search has been done.
#  Implicit/static pattern stem: 'main'
#  Last modified 2022-07-11 18:31:41.653781889
#  File has been updated.
#  Successfully updated.
#  recipe to execute (from 'Makefile', line 41):
	@$(CPP) $(CFLAGS) $< -MM -MT $(@:%.d=$(OBJDIR)/%.o) >$@

# Not a target:
src/draw/../colors.hpp:
#  Implicit rule search has not been done.
#  Modification time never checked.
#  File has not been updated.

obj/game.o: src/game.cpp
#  Implicit rule search has been done.
#  Implicit/static pattern stem: 'game'
#  Last modified 2022-07-10 21:07:05.195018731
#  File has been updated.
#  Successfully updated.
#  recipe to execute (from 'Makefile', line 48):
	$(CC) $(CXXFLAGS) -o $@ -c $<

dep/entities/entity.d: src/entities/entity.cpp
#  Implicit rule search has been done.
#  Implicit/static pattern stem: 'entities/entity'
#  Last modified 2022-07-11 18:31:41.457784286
#  File has been updated.
#  Successfully updated.
#  recipe to execute (from 'Makefile', line 41):
	@$(CPP) $(CFLAGS) $< -MM -MT $(@:%.d=$(OBJDIR)/%.o) >$@

# Not a target:
.DEFAULT:
#  Implicit rule search has not been done.
#  Modification time never checked.
#  File has not been updated.

all: roguelike
#  Command line target.
#  Implicit rule search has been done.
#  File does not exist.
#  File has been updated.
#  Needs to be updated (-q is set).
# variable set hash-table stats:
# Load=0/32=0%, Rehash=0, Collisions=0/6=0%

# Not a target:
src/draw/tile_manager.cpp:
#  Implicit rule search has been done.
#  Last modified 2022-07-10 21:58:20.854358431
#  File has been updated.
#  Successfully updated.

dep/map.d: src/map.cpp
#  Implicit rule search has been done.
#  Implicit/static pattern stem: 'map'
#  Last modified 2022-07-11 18:31:41.577782819
#  File has been updated.
#  Successfully updated.
#  recipe to execute (from 'Makefile', line 41):
	@$(CPP) $(CFLAGS) $< -MM -MT $(@:%.d=$(OBJDIR)/%.o) >$@

# Not a target:
src/game.hpp:
#  Implicit rule search has not been done.
#  Modification time never checked.
#  File has not been updated.

obj/dep/entities/tile.o: src/entities/tile.cpp src/entities/tile.hpp src/entities/entity.hpp src/entities/../colors.hpp
#  Implicit rule search has not been done.
#  Modification time never checked.
#  File has not been updated.

# Not a target:
src/entities/tile.cpp:
#  Implicit rule search has been done.
#  Last modified 2022-07-10 22:00:36.356801745
#  File has been updated.
#  Successfully updated.

cleanw:
#  Phony target (prerequisite of .PHONY).
#  Implicit rule search has not been done.
#  File does not exist.
#  File has not been updated.
#  recipe to execute (from 'Makefile', line 65):
	$(DEL) $(WDELOBJ) $(DEP) $(APPNAME)$(EXE)

# Not a target:
src/game.cpp:
#  Implicit rule search has been done.
 
#  Last modified 2022-07-10 18:35:56.474013648
#  File has been updated.
#  Successfully updated.

dep/draw/tile_manager.d: src/draw/tile_manager.cpp
#  Implicit rule search has been done.
#  Implicit/static pattern stem: 'draw/tile_manager'
#  Last modified 2022-07-11 18:31:41.505783699
#  File has been updated.
#  Successfully updated.
#  recipe to execute (from 'Makefile', line 41):
	@$(CPP) $(CFLAGS) $< -MM -MT $(@:%.d=$(OBJDIR)/%.o) >$@

# Not a target:
src/map.cpp:
#  Implicit rule search has been done.
#  Last modified 2022-07-11 18:24:44.323205388
#  File has been updated.
#  Successfully updated.

# Not a target:
src/draw/../game.hpp:
#  Implicit rule search has not been done.
#  Modification time never checked.
#  File has not been updated.

# Not a target:
src/colors.cpp:
#  Implicit rule search has been done.
#  Last modified 2022-07-10 17:59:34.176844177
#  File has been updated.
#  Successfully updated.

dep/game.d: src/game.cpp
#  Implicit rule search has been done.
#  Implicit/static pattern stem: 'game'
#  Last modified 2022-07-11 18:31:41.721781059
#  File has been updated.
#  Successfully updated.
#  recipe to execute (from 'Makefile', line 41):
	@$(CPP) $(CFLAGS) $< -MM -MT $(@:%.d=$(OBJDIR)/%.o) >$@

obj/dep/colors.o: src/colors.cpp src/colors.hpp
#  Implicit rule search has not been done.
#  Modification time never checked.
#  File has not been updated.

obj/dep/draw/tile_manager.o: src/draw/tile_manager.cpp src/draw/tile_manager.hpp src/draw/../game.hpp src/draw/../colors.hpp
#  Implicit rule search has not been done.
#  Modification time never checked.
#  File has not been updated.

# Not a target:
src/colors.hpp:
#  Implicit rule search has not been done.
#  Modification time never checked.
#  File has not been updated.

obj/colors.o: src/colors.cpp
#  Implicit rule search has been done.
#  Implicit/static pattern stem: 'colors'
#  Last modified 2022-07-10 18:00:21.020248794
#  File has been updated.
#  Successfully updated.
#  recipe to execute (from 'Makefile', line 48):
	$(CC) $(CXXFLAGS) -o $@ -c $<

# Not a target:
.SUFFIXES:
#  Implicit rule search has not been done.
#  Modification time never checked.
#  File has not been updated.

.PHONY: clean cleandep cleanw cleandepw
#  Implicit rule search has not been done.
#  Modification time never checked.
#  File has not been updated.

obj/dep/game.o: src/game.cpp src/game.hpp src/draw/tile_manager.hpp src/draw/../game.hpp src/draw/../colors.hpp src/map.hpp src/entities/tile.hpp src/entities/entity.hpp src/entities/../colors.hpp
#  Implicit rule search has not been done.
#  Modification time never checked.
#  File has not been updated.

dep/colors.d: src/colors.cpp
#  Implicit rule search has been done.
#  Implicit/static pattern stem: 'colors'
#  Last modified 2022-07-11 18:31:41.725781009
#  File has been updated.
#  Successfully updated.
#  recipe to execute (from 'Makefile', line 41):
	@$(CPP) $(CFLAGS) $< -MM -MT $(@:%.d=$(OBJDIR)/%.o) >$@

# Not a target:
src/entities/../colors.hpp:
#  Implicit rule search has not been done.
#  Modification time never checked.
#  File has not been updated.

obj/dep/main.o: src/main.cpp src/game.hpp
#  Implicit rule search has not been done.
#  Modification time never checked.
#  File has not been updated.

# files hash-table stats:
# Load=47/1024=5%, Rehash=0, Collisions=5/161=3%
# VPATH Search Paths

# No 'vpath' search paths.

# No general ('VPATH' variable) search path.

# strcache buffers: 1 (0) / strings = 85 / storage = 1130 B / avg = 13 B
# current buf: size = 8162 B / used = 1130 B / count = 85 / avg = 13 B

# strcache performance: lookups = 183 / hit rate = 53%
# hash-table stats:
# Load=85/8192=1%, Rehash=0, Collisions=0/183=0%
# Finished Make data base on Mon Jul 11 18:31:41 2022

 
